PUSHS ""
PUSHI 0
PUSHI 0
PUSHI 0
START
PUSHS "Introduza uma string binária:"
WRITES
WRITELN
READ
STOREG 0
WRITELN
PUSHI 0
STOREG 2
PUSHI 1
STOREG 3
PUSHG 0
STRLEN
STOREG 1
PUSHI 1
PUSHI 1
SUB
FORSTART0:
PUSHL 0
PUSHG 1
EQUAL
NOT
JZ FOREND0
PUSHG 0
PUSHG 1
PUSHI 1
SUB
CHARAT
PUSHS "1"
CHRCODE
EQUAL
JZ ELSE1
PUSHG 2
PUSHG 3
ADD
STOREG 2
JUMP ENDIF1
ELSE1:
ENDIF1:
PUSHG 3
PUSHI 2
MUL
STOREG 3
PUSHG 1
PUSHI 1
SUB
STOREG 1
JUMP FORSTART0
FOREND0:
POP 1
PUSHS "O valor inteiro correspondente é: "
WRITES
PUSHG 2
WRITEI
WRITELN
STOP